<?xml version="1.0" encoding="UTF-8"?>
<testsuite xmlns:xsi="http://www.w3.org/2001/XMLSchema-instance" xsi:schemaLocation="https://maven.apache.org/surefire/maven-surefire-plugin/xsd/surefire-test-report.xsd" name="TestSuite" time="145.382" tests="3" errors="0" skipped="0" failures="2">
  <properties>
    <property name="java.runtime.name" value="Java(TM) SE Runtime Environment"/>
    <property name="sun.boot.library.path" value="C:\Program Files\Java\jdk1.8.0_241\jre\bin"/>
    <property name="java.vm.version" value="25.241-b07"/>
    <property name="java.vm.vendor" value="Oracle Corporation"/>
    <property name="maven.multiModuleProjectDirectory" value="C:\Users\tanumay123\Desktop\Cucumber\Workspace_photon\VTigerCucumberFramework"/>
    <property name="java.vendor.url" value="http://java.oracle.com/"/>
    <property name="path.separator" value=";"/>
    <property name="guice.disable.misplaced.annotation.check" value="true"/>
    <property name="java.vm.name" value="Java HotSpot(TM) 64-Bit Server VM"/>
    <property name="file.encoding.pkg" value="sun.io"/>
    <property name="user.script" value=""/>
    <property name="user.country" value="IN"/>
    <property name="sun.java.launcher" value="SUN_STANDARD"/>
    <property name="sun.os.patch.level" value=""/>
    <property name="java.vm.specification.name" value="Java Virtual Machine Specification"/>
    <property name="user.dir" value="C:\Users\tanumay123\Desktop\Cucumber\Workspace_photon\VTigerCucumberFramework"/>
    <property name="java.runtime.version" value="1.8.0_241-b07"/>
    <property name="java.awt.graphicsenv" value="sun.awt.Win32GraphicsEnvironment"/>
    <property name="java.endorsed.dirs" value="C:\Program Files\Java\jdk1.8.0_241\jre\lib\endorsed"/>
    <property name="os.arch" value="amd64"/>
    <property name="java.io.tmpdir" value="C:\Users\TANUMA~1\AppData\Local\Temp\"/>
    <property name="line.separator" value="&#10;"/>
    <property name="java.vm.specification.vendor" value="Oracle Corporation"/>
    <property name="user.variant" value=""/>
    <property name="os.name" value="Windows 10"/>
    <property name="classworlds.conf" value="C:\Users\tanumay123\Desktop\Cucumber\Workspace_photon\.metadata\.plugins\org.eclipse.m2e.launching\launches\m2conf6636335624438446503.tmp"/>
    <property name="sun.jnu.encoding" value="Cp1252"/>
    <property name="java.library.path" value="C:\Program Files\Java\jdk1.8.0_241\jre\bin;C:\windows\Sun\Java\bin;C:\windows\system32;C:\windows;C:/Program Files/Java/jre1.8.0_261/bin/server;C:/Program Files/Java/jre1.8.0_261/bin;C:/Program Files/Java/jre1.8.0_261/lib/amd64;C:\Program Files (x86)\Microsoft SDKs\Azure\CLI2\wbin;C:\Program Files (x86)\Common Files\Oracle\Java\javapath;C:\windows\system32;C:\windows;C:\windows\System32\Wbem;C:\windows\System32\WindowsPowerShell\v1.0\;C:\windows\System32\OpenSSH\;C:\strawberry\c\bin;C:\strawberry\perl\bin;C:\bin;C:\Program Files\nodejs\;C:\Users\tanumay123\AppData\Local\Android\sdk\tools\bin;C:\Program Files\Java\jdk1.8.0_241\bin;C:\Program Files\PuTTY\;C:\Program Files\apache-maven-3.6.3;C:\Program Files\Java\jdk1.8.0_241;C:\Program Files\apache-maven-3.6.3\bin;C:\Program Files\Git\cmd;C:\Program Files\Java\jre1.8.0_261\bin;C:\Program Files\Docker\Docker\resources\bin;C:\ProgramData\DockerDesktop\version-bin;C:\Program Files\Docker\Docker\resources\bin;C:\Program Files\Java\jdk1.8.0_241\bin;C:\Users\tanumay123\AppData\Roaming\npm;C:\Users\tanumay123\AppData\Local\Programs\Python\Python37;C:\Users\tanumay123\AppData\Local\Programs\Python\Python37\Scripts;;C:\Softwares\Photon\eclipse;;."/>
    <property name="java.specification.name" value="Java Platform API Specification"/>
    <property name="java.class.version" value="52.0"/>
    <property name="sun.management.compiler" value="HotSpot 64-Bit Tiered Compilers"/>
    <property name="os.version" value="10.0"/>
    <property name="user.home" value="C:\Users\tanumay123"/>
    <property name="user.timezone" value="Asia/Calcutta"/>
    <property name="java.awt.printerjob" value="sun.awt.windows.WPrinterJob"/>
    <property name="java.specification.version" value="1.8"/>
    <property name="file.encoding" value="Cp1252"/>
    <property name="user.name" value="tanumay123"/>
    <property name="java.class.path" value="C:\Softwares\Photon\eclipse\plugins\org.eclipse.m2e.maven.runtime_1.9.0.20180606-2035\jars\plexus-classworlds-2.5.2.jar"/>
    <property name="java.vm.specification.version" value="1.8"/>
    <property name="sun.arch.data.model" value="64"/>
    <property name="java.home" value="C:\Program Files\Java\jdk1.8.0_241\jre"/>
    <property name="sun.java.command" value="org.codehaus.plexus.classworlds.launcher.Launcher -B install"/>
    <property name="java.specification.vendor" value="Oracle Corporation"/>
    <property name="user.language" value="en"/>
    <property name="awt.toolkit" value="sun.awt.windows.WToolkit"/>
    <property name="java.vm.info" value="mixed mode"/>
    <property name="java.version" value="1.8.0_241"/>
    <property name="java.ext.dirs" value="C:\Program Files\Java\jdk1.8.0_241\jre\lib\ext;C:\windows\Sun\Java\lib\ext"/>
    <property name="sun.boot.class.path" value="C:\Program Files\Java\jdk1.8.0_241\jre\lib\resources.jar;C:\Program Files\Java\jdk1.8.0_241\jre\lib\rt.jar;C:\Program Files\Java\jdk1.8.0_241\jre\lib\sunrsasign.jar;C:\Program Files\Java\jdk1.8.0_241\jre\lib\jsse.jar;C:\Program Files\Java\jdk1.8.0_241\jre\lib\jce.jar;C:\Program Files\Java\jdk1.8.0_241\jre\lib\charsets.jar;C:\Program Files\Java\jdk1.8.0_241\jre\lib\jfr.jar;C:\Program Files\Java\jdk1.8.0_241\jre\classes"/>
    <property name="java.vendor" value="Oracle Corporation"/>
    <property name="maven.home" value="C:\Users\tanumay123\Desktop\Cucumber\Workspace_photon\VTigerCucumberFramework\EMBEDDED"/>
    <property name="file.separator" value="\"/>
    <property name="java.vendor.url.bug" value="http://bugreport.sun.com/bugreport/"/>
    <property name="sun.cpu.endian" value="little"/>
    <property name="sun.io.unicode.encoding" value="UnicodeLittle"/>
    <property name="sun.desktop" value="windows"/>
    <property name="sun.cpu.isalist" value="amd64"/>
  </properties>
  <testcase name="feature" classname="com.cucumberFramework.testrunner.testRunner" time="20.084">
    <failure message="org.openqa.selenium.NoSuchElementException: no such element: Unable to locate element: {&quot;method&quot;:&quot;xpath&quot;,&quot;selector&quot;:&quot;//*[@id=&apos;mouseArea_Last Name1&apos;]&quot;}&#10;  (Session info: chrome=86.0.4240.111)&#10;For documentation on this error, please visit: https://www.seleniumhq.org/exceptions/no_such_element.html&#10;Build info: version: &apos;3.141.59&apos;, revision: &apos;e82be7d358&apos;, time: &apos;2018-11-14T08:17:03&apos;&#10;System info: host: &apos;DESKTOP-QTN1F52&apos;, ip: &apos;192.168.1.101&apos;, os.name: &apos;Windows 10&apos;, os.arch: &apos;amd64&apos;, os.version: &apos;10.0&apos;, java.version: &apos;1.8.0_241&apos;&#10;Driver info: org.openqa.selenium.chrome.ChromeDriver&#10;Capabilities {acceptInsecureCerts: false, browserName: chrome, browserVersion: 86.0.4240.111, chrome: {chromedriverVersion: 85.0.4183.87 (cd6713ebf92fa..., userDataDir: C:\Users\TANUMA~1\AppData\L...}, goog:chromeOptions: {debuggerAddress: localhost:58927}, javascriptEnabled: true, networkConnectionEnabled: false, pageLoadStrategy: normal, platform: WINDOWS, platformName: WINDOWS, proxy: Proxy(), setWindowRect: true, strictFileInteractability: false, timeouts: {implicit: 0, pageLoad: 300000, script: 30000}, unhandledPromptBehavior: dismiss and notify, webauthn:virtualAuthenticators: true}&#10;Session ID: 49c66b2c630a29c742c628bf7b554d29&#10;*** Element info: {Using=xpath, value=//*[@id=&apos;mouseArea_Last Name1&apos;]}" type="cucumber.runtime.CucumberException">cucumber.runtime.CucumberException: 
org.openqa.selenium.NoSuchElementException: no such element: Unable to locate element: {"method":"xpath","selector":"//*[@id='mouseArea_Last Name1']"}
  (Session info: chrome=86.0.4240.111)
For documentation on this error, please visit: https://www.seleniumhq.org/exceptions/no_such_element.html
Build info: version: '3.141.59', revision: 'e82be7d358', time: '2018-11-14T08:17:03'
System info: host: 'DESKTOP-QTN1F52', ip: '192.168.1.101', os.name: 'Windows 10', os.arch: 'amd64', os.version: '10.0', java.version: '1.8.0_241'
Driver info: org.openqa.selenium.chrome.ChromeDriver
Capabilities {acceptInsecureCerts: false, browserName: chrome, browserVersion: 86.0.4240.111, chrome: {chromedriverVersion: 85.0.4183.87 (cd6713ebf92fa..., userDataDir: C:\Users\TANUMA~1\AppData\L...}, goog:chromeOptions: {debuggerAddress: localhost:58927}, javascriptEnabled: true, networkConnectionEnabled: false, pageLoadStrategy: normal, platform: WINDOWS, platformName: WINDOWS, proxy: Proxy(), setWindowRect: true, strictFileInteractability: false, timeouts: {implicit: 0, pageLoad: 300000, script: 30000}, unhandledPromptBehavior: dismiss and notify, webauthn:virtualAuthenticators: true}
Session ID: 49c66b2c630a29c742c628bf7b554d29
*** Element info: {Using=xpath, value=//*[@id='mouseArea_Last Name1']}
	at com.cucumberFramework.testrunner.testRunner.feature(testRunner.java:37)
Caused by: org.openqa.selenium.NoSuchElementException: 
no such element: Unable to locate element: {"method":"xpath","selector":"//*[@id='mouseArea_Last Name1']"}
  (Session info: chrome=86.0.4240.111)
For documentation on this error, please visit: https://www.seleniumhq.org/exceptions/no_such_element.html
Build info: version: '3.141.59', revision: 'e82be7d358', time: '2018-11-14T08:17:03'
System info: host: 'DESKTOP-QTN1F52', ip: '192.168.1.101', os.name: 'Windows 10', os.arch: 'amd64', os.version: '10.0', java.version: '1.8.0_241'
Driver info: org.openqa.selenium.chrome.ChromeDriver
Capabilities {acceptInsecureCerts: false, browserName: chrome, browserVersion: 86.0.4240.111, chrome: {chromedriverVersion: 85.0.4183.87 (cd6713ebf92fa..., userDataDir: C:\Users\TANUMA~1\AppData\L...}, goog:chromeOptions: {debuggerAddress: localhost:58927}, javascriptEnabled: true, networkConnectionEnabled: false, pageLoadStrategy: normal, platform: WINDOWS, platformName: WINDOWS, proxy: Proxy(), setWindowRect: true, strictFileInteractability: false, timeouts: {implicit: 0, pageLoad: 300000, script: 30000}, unhandledPromptBehavior: dismiss and notify, webauthn:virtualAuthenticators: true}
Session ID: 49c66b2c630a29c742c628bf7b554d29
*** Element info: {Using=xpath, value=//*[@id='mouseArea_Last Name1']}
</failure>
    <system-out><![CDATA[[TestNGContentHandler] [WARN] It is strongly recommended to add "<!DOCTYPE suite SYSTEM "http://testng.org/testng-1.0.dtd" >" at the top of your file, otherwise TestNG may fail or not work as expected.
@Leads
Feature: Leads Creation
  As a Test Engineer I want to test Leads Creation functionality.
2020-10-30 17:10:648 INFO  WaitHelper :27 - Waiting for element to visible ....
2020-10-30 17:10:728 INFO  WaitHelper :30 - Element is visible ....
helo
2020-10-30 17:10:579 INFO  WaitHelper :27 - Waiting for element to visible ....
2020-10-30 17:10:618 INFO  WaitHelper :30 - Element is visible ....

  Background: User should be on Home page                               # leads.feature:5
    Given I am on the Login page URL "http://localhost:8888/index.php?" # loginPageSteps.i_am_on_the_login_page_url_something(String)
    When I enter username as "admin"                                    # loginPageSteps.i_enter_username_as_something(String)
    And I enter password as "password"                                  # loginPageSteps.i_enter_password_as_something(String)
    And click on login button                                           # loginPageSteps.click_on_login_button()
    Then I sould see application homepage                               # HomePageSteps.i_sould_see_application_homepage()
2020-10-30 17:10:629 INFO  WaitHelper :27 - Waiting for element to visible ....
2020-10-30 17:10:660 INFO  WaitHelper :30 - Element is visible ....
2020-10-30 17:10:660 INFO  LeadsPage :106 - clicking on create new leads button
2020-10-30 17:10:836 INFO  LeadsPage :110 - selecting first Name type as: Mr.
2020-10-30 17:10:837 INFO  WaitHelper :27 - Waiting for element to visible ....
2020-10-30 17:10:868 INFO  WaitHelper :30 - Element is visible ....
2020-10-30 17:10:01 INFO  LeadsPage :118 - entering first name as : auto_firstName
2020-10-30 17:10:81 INFO  LeadsPage :123 - entering lastName as: auto_lastName
2020-10-30 17:10:148 INFO  LeadsPage :128 - entering company Name as: auto_company
2020-10-30 17:10:222 INFO  LeadsPage :133 - entering title as: auto_company
2020-10-30 17:10:285 INFO  LeadsPage :142 - selecting lead source as: Employee
2020-10-30 17:10:427 INFO  LeadsPage :148 - selecting industry as  : Banking
2020-10-30 17:10:527 INFO  LeadsPage :154 - entering annualrevenue as: 100
2020-10-30 17:10:600 INFO  LeadsPage :159 - entering noofemployees as : 2
2020-10-30 17:10:661 INFO  LeadsPage :164 - entering secondaryEmail as : info.test@gmail.com
2020-10-30 17:10:735 INFO  LeadsPage :169 - entering street as: 7535 Torrey Santa Fe Road
2020-10-30 17:10:826 INFO  LeadsPage :174 - entering postalCode as: 92129
2020-10-30 17:10:904 INFO  LeadsPage :179 - enter country as : US
2020-10-30 17:10:960 INFO  LeadsPage :184 - enter description as: auto_Description
2020-10-30 17:10:23 INFO  LeadsPage :189 - enter phone number as: 9999999999
2020-10-30 17:10:91 INFO  LeadsPage :194 - enter mobile number as: 9999999999
2020-10-30 17:10:157 INFO  LeadsPage :199 - enter fax as: Fax details
2020-10-30 17:10:227 INFO  LeadsPage :204 - enter email: info.test@gmail.com
2020-10-30 17:10:373 INFO  LeadsPage :209 - selecting leadStatus as: Attempted to Contact
2020-10-30 17:10:570 INFO  LeadsPage :224 - clicking on save button
2020-10-30 17:10:535 INFO  LeadsPageSteps :148 - auto_firstName
2020-10-30 17:10:535 INFO  LeadsPageSteps :149 - auto_lastName
2020-10-30 17:10:535 INFO  WaitHelper :27 - Waiting for element to visible ....
2020-10-30 17:10:569 INFO  WaitHelper :30 - Element is visible ....
2020-10-30 17:10:591 INFO  WaitHelper :27 - Waiting for element to visible ....
2020-10-30 17:10:662 INFO  WaitHelper :30 - Element is visible ....
2020-10-30 17:10:690 INFO  WaitHelper :27 - Waiting for element to visible ....
2020-10-30 17:10:754 INFO  WaitHelper :30 - Element is visible ....
2020-10-30 17:10:853 INFO  ServiceHooks :34 - Create Leads is Failed

  @sanity @regression
  Scenario: Create Leads                              # leads.feature:13
    When I click on leads link                        # HomePageSteps.i_click_on_leads_link()
    And I click on leads plus button                  # LeadsPageSteps.i_click_on_leads_plus_button()
    And I select First Name title as "Mr."            # LeadsPageSteps.i_select_First_Name_title_as(String)
    And I enter First Name "auto_firstName"           # LeadsPageSteps.i_enter_First_Name(String)
    And I enter last name "auto_lastName"             # LeadsPageSteps.i_enter_last_name(String)
    And I enter Company name "auto_company"           # LeadsPageSteps.i_enter_Company_name(String)
    And I enter Title "auto_company"                  # LeadsPageSteps.i_enter_Title(String)
    And I select Lead Source "Employee"               # LeadsPageSteps.i_select_Lead_Source(String)
    And I select Industry "Banking"                   # LeadsPageSteps.i_select_Industry(String)
    And I enter Annual Revenue "100"                  # LeadsPageSteps.i_enter_Annual_Revenue(String)
    And I enter No Of Employees "2"                   # LeadsPageSteps.i_enter_No_Of_Employees(String)
    And I enter Secondary Email "info.test@gmail.com" # LeadsPageSteps.i_enter_Secondary_Email(String)
    And I enter Street "7535 Torrey Santa Fe Road"    # LeadsPageSteps.i_enter_Street(String)
    And I enter Postal Code "92129"                   # LeadsPageSteps.i_enter_Postal_Code(String)
    And I enter Country "US"                          # LeadsPageSteps.i_enter_Country(String)
    And I enter Description "auto_Description"        # LeadsPageSteps.i_enter_Description(String)
    And I enter Phone "9999999999"                    # LeadsPageSteps.i_enter_Phone(String)
    And I enter Mobile "9999999999"                   # LeadsPageSteps.i_enter_Mobile(String)
    And I enter Fax "Fax details"                     # LeadsPageSteps.i_enter_Fax(String)
    And I enter Email "info.test@gmail.com"           # LeadsPageSteps.i_enter_Email(String)
    And I enetr Website "auto_website"                # LeadsPageSteps.i_enetr_Website(String)
    And I select Lead Status "Attempted to Contact"   # LeadsPageSteps.i_select_Lead_Status(String)
    And I select Assigned To "Administrator"          # LeadsPageSteps.i_select_Assigned_To(String)
    And I click on Save button                        # LeadsPageSteps.i_click_on_Save_button()
    Then I should see lead creation success message   # LeadsPageSteps.i_should_see_lead_creation_success_message()
    And I should verify leads information             # LeadsPageSteps.i_should_verify_leads_information()
      org.openqa.selenium.NoSuchElementException: no such element: Unable to locate element: {"method":"xpath","selector":"//*[@id='mouseArea_Last Name1']"}
        (Session info: chrome=86.0.4240.111)
      For documentation on this error, please visit: https://www.seleniumhq.org/exceptions/no_such_element.html
      Build info: version: '3.141.59', revision: 'e82be7d358', time: '2018-11-14T08:17:03'
      System info: host: 'DESKTOP-QTN1F52', ip: '192.168.1.101', os.name: 'Windows 10', os.arch: 'amd64', os.version: '10.0', java.version: '1.8.0_241'
      Driver info: org.openqa.selenium.chrome.ChromeDriver
      Capabilities {acceptInsecureCerts: false, browserName: chrome, browserVersion: 86.0.4240.111, chrome: {chromedriverVersion: 85.0.4183.87 (cd6713ebf92fa..., userDataDir: C:\Users\TANUMA~1\AppData\L...}, goog:chromeOptions: {debuggerAddress: localhost:58927}, javascriptEnabled: true, networkConnectionEnabled: false, pageLoadStrategy: normal, platform: WINDOWS, platformName: WINDOWS, proxy: Proxy(), setWindowRect: true, strictFileInteractability: false, timeouts: {implicit: 0, pageLoad: 300000, script: 30000}, unhandledPromptBehavior: dismiss and notify, webauthn:virtualAuthenticators: true}
      Session ID: 49c66b2c630a29c742c628bf7b554d29
      *** Element info: {Using=xpath, value=//*[@id='mouseArea_Last Name1']}
      	at sun.reflect.NativeConstructorAccessorImpl.newInstance0(Native Method)
      	at sun.reflect.NativeConstructorAccessorImpl.newInstance(NativeConstructorAccessorImpl.java:62)
      	at sun.reflect.DelegatingConstructorAccessorImpl.newInstance(DelegatingConstructorAccessorImpl.java:45)
      	at java.lang.reflect.Constructor.newInstance(Constructor.java:423)
      	at org.openqa.selenium.remote.http.W3CHttpResponseCodec.createException(W3CHttpResponseCodec.java:187)
      	at org.openqa.selenium.remote.http.W3CHttpResponseCodec.decode(W3CHttpResponseCodec.java:122)
      	at org.openqa.selenium.remote.http.W3CHttpResponseCodec.decode(W3CHttpResponseCodec.java:49)
      	at org.openqa.selenium.remote.HttpCommandExecutor.execute(HttpCommandExecutor.java:158)
      	at org.openqa.selenium.remote.service.DriverCommandExecutor.execute(DriverCommandExecutor.java:83)
      	at org.openqa.selenium.remote.RemoteWebDriver.execute(RemoteWebDriver.java:552)
      	at org.openqa.selenium.remote.RemoteWebDriver.findElement(RemoteWebDriver.java:323)
      	at org.openqa.selenium.remote.RemoteWebDriver.findElementByXPath(RemoteWebDriver.java:428)
      	at org.openqa.selenium.By$ByXPath.findElement(By.java:353)
      	at org.openqa.selenium.remote.RemoteWebDriver.findElement(RemoteWebDriver.java:315)
      	at org.openqa.selenium.support.pagefactory.DefaultElementLocator.findElement(DefaultElementLocator.java:69)
      	at org.openqa.selenium.support.pagefactory.internal.LocatingElementHandler.invoke(LocatingElementHandler.java:38)
      	at com.sun.proxy.$Proxy21.getText(Unknown Source)
      	at com.cucumberFramework.stepDefinations.LeadsPageSteps.i_should_verify_leads_information(LeadsPageSteps.java:161)
      	at ?.And I should verify leads information(leads.feature:39)

]]></system-out>
    <system-err><![CDATA[Starting ChromeDriver 85.0.4183.87 (cd6713ebf92fa1cacc0f1a598df280093af0c5d7-refs/branch-heads/4183@{#1689}) on port 1256
Only local connections are allowed.
Please see https://chromedriver.chromium.org/security-considerations for suggestions on keeping ChromeDriver safe.
ChromeDriver was started successfully.
[1604058935.427][WARNING]: This version of ChromeDriver has not been tested with Chrome version 86.
Oct 30, 2020 5:25:37 PM org.openqa.selenium.remote.ProtocolHandshake createSession
INFO: Detected dialect: W3C
]]></system-err>
  </testcase>
  <testcase name="feature" classname="com.cucumberFramework.testrunner.testRunner" time="86.508">
    <failure message="org.openqa.selenium.NoSuchElementException: no such element: Unable to locate element: {&quot;method&quot;:&quot;xpath&quot;,&quot;selector&quot;:&quot;//*[@id=&apos;mouseArea_Last Name1&apos;]&quot;}&#10;  (Session info: chrome=86.0.4240.111)&#10;For documentation on this error, please visit: https://www.seleniumhq.org/exceptions/no_such_element.html&#10;Build info: version: &apos;3.141.59&apos;, revision: &apos;e82be7d358&apos;, time: &apos;2018-11-14T08:17:03&apos;&#10;System info: host: &apos;DESKTOP-QTN1F52&apos;, ip: &apos;192.168.1.101&apos;, os.name: &apos;Windows 10&apos;, os.arch: &apos;amd64&apos;, os.version: &apos;10.0&apos;, java.version: &apos;1.8.0_241&apos;&#10;Driver info: org.openqa.selenium.chrome.ChromeDriver&#10;Capabilities {acceptInsecureCerts: false, browserName: chrome, browserVersion: 86.0.4240.111, chrome: {chromedriverVersion: 85.0.4183.87 (cd6713ebf92fa..., userDataDir: C:\Users\TANUMA~1\AppData\L...}, goog:chromeOptions: {debuggerAddress: localhost:58970}, javascriptEnabled: true, networkConnectionEnabled: false, pageLoadStrategy: normal, platform: WINDOWS, platformName: WINDOWS, proxy: Proxy(), setWindowRect: true, strictFileInteractability: false, timeouts: {implicit: 0, pageLoad: 300000, script: 30000}, unhandledPromptBehavior: dismiss and notify, webauthn:virtualAuthenticators: true}&#10;Session ID: 3c4ade45cfc25c967efac04c1476472e&#10;*** Element info: {Using=xpath, value=//*[@id=&apos;mouseArea_Last Name1&apos;]}" type="cucumber.runtime.CucumberException">cucumber.runtime.CucumberException: 
org.openqa.selenium.NoSuchElementException: no such element: Unable to locate element: {"method":"xpath","selector":"//*[@id='mouseArea_Last Name1']"}
  (Session info: chrome=86.0.4240.111)
For documentation on this error, please visit: https://www.seleniumhq.org/exceptions/no_such_element.html
Build info: version: '3.141.59', revision: 'e82be7d358', time: '2018-11-14T08:17:03'
System info: host: 'DESKTOP-QTN1F52', ip: '192.168.1.101', os.name: 'Windows 10', os.arch: 'amd64', os.version: '10.0', java.version: '1.8.0_241'
Driver info: org.openqa.selenium.chrome.ChromeDriver
Capabilities {acceptInsecureCerts: false, browserName: chrome, browserVersion: 86.0.4240.111, chrome: {chromedriverVersion: 85.0.4183.87 (cd6713ebf92fa..., userDataDir: C:\Users\TANUMA~1\AppData\L...}, goog:chromeOptions: {debuggerAddress: localhost:58970}, javascriptEnabled: true, networkConnectionEnabled: false, pageLoadStrategy: normal, platform: WINDOWS, platformName: WINDOWS, proxy: Proxy(), setWindowRect: true, strictFileInteractability: false, timeouts: {implicit: 0, pageLoad: 300000, script: 30000}, unhandledPromptBehavior: dismiss and notify, webauthn:virtualAuthenticators: true}
Session ID: 3c4ade45cfc25c967efac04c1476472e
*** Element info: {Using=xpath, value=//*[@id='mouseArea_Last Name1']}
	at com.cucumberFramework.testrunner.testRunner.feature(testRunner.java:37)
Caused by: org.openqa.selenium.NoSuchElementException: 
no such element: Unable to locate element: {"method":"xpath","selector":"//*[@id='mouseArea_Last Name1']"}
  (Session info: chrome=86.0.4240.111)
For documentation on this error, please visit: https://www.seleniumhq.org/exceptions/no_such_element.html
Build info: version: '3.141.59', revision: 'e82be7d358', time: '2018-11-14T08:17:03'
System info: host: 'DESKTOP-QTN1F52', ip: '192.168.1.101', os.name: 'Windows 10', os.arch: 'amd64', os.version: '10.0', java.version: '1.8.0_241'
Driver info: org.openqa.selenium.chrome.ChromeDriver
Capabilities {acceptInsecureCerts: false, browserName: chrome, browserVersion: 86.0.4240.111, chrome: {chromedriverVersion: 85.0.4183.87 (cd6713ebf92fa..., userDataDir: C:\Users\TANUMA~1\AppData\L...}, goog:chromeOptions: {debuggerAddress: localhost:58970}, javascriptEnabled: true, networkConnectionEnabled: false, pageLoadStrategy: normal, platform: WINDOWS, platformName: WINDOWS, proxy: Proxy(), setWindowRect: true, strictFileInteractability: false, timeouts: {implicit: 0, pageLoad: 300000, script: 30000}, unhandledPromptBehavior: dismiss and notify, webauthn:virtualAuthenticators: true}
Session ID: 3c4ade45cfc25c967efac04c1476472e
*** Element info: {Using=xpath, value=//*[@id='mouseArea_Last Name1']}
</failure>
    <system-out><![CDATA[@LeadsWithParameters
Feature: Leads Creation
  As a Test Engineer I want to test Leads Creation functionality.

  @sanity @regression
  Scenario Outline: Create Leads                      # leadsWithParameter.feature:13
    When I click on leads link
    And I click on leads plus button
    And I select First Name title as "<title>"
    And I enter First Name "<firstName>"
    And I enter last name "<lastName>"
    And I enter Company name "<companyName>"
    And I enter Title "auto_company"
    And I select Lead Source "Employee"
    And I select Industry "Banking"
    And I enter Annual Revenue "<annualRevenue>"
    And I enter No Of Employees "2"
    And I enter Secondary Email "info.test@gmail.com"
    And I enter Street "7535 Torrey Santa Fe Road"
    And I enter Postal Code "92129"
    And I enter Country "<Country>"
    And I enter Description "auto_Description"
    And I enter Phone "9999999999"
    And I enter Mobile "9999999999"
    And I enter Fax "Fax details"
    And I enter Email "info.test@gmail.com"
    And I enetr Website "auto_website"
    And I select Lead Status "Attempted to Contact"
    And I select Assigned To "Administrator"
    And I click on Save button
    Then I should see lead creation success message
    And I should verify leads information

    Examples: 
2020-10-30 17:10:140 INFO  WaitHelper :27 - Waiting for element to visible ....
2020-10-30 17:10:162 INFO  WaitHelper :30 - Element is visible ....
helo
2020-10-30 17:10:38 INFO  WaitHelper :27 - Waiting for element to visible ....
2020-10-30 17:10:63 INFO  WaitHelper :30 - Element is visible ....

  Background: User should be on Home page                               # leadsWithParameter.feature:5
    Given I am on the Login page URL "http://localhost:8888/index.php?" # loginPageSteps.i_am_on_the_login_page_url_something(String)
    When I enter username as "admin"                                    # loginPageSteps.i_enter_username_as_something(String)
    And I enter password as "password"                                  # loginPageSteps.i_enter_password_as_something(String)
    And click on login button                                           # loginPageSteps.click_on_login_button()
    Then I sould see application homepage                               # HomePageSteps.i_sould_see_application_homepage()
2020-10-30 17:10:162 INFO  WaitHelper :27 - Waiting for element to visible ....
2020-10-30 17:10:197 INFO  WaitHelper :30 - Element is visible ....
2020-10-30 17:10:199 INFO  LeadsPage :106 - clicking on create new leads button
2020-10-30 17:10:336 INFO  LeadsPage :110 - selecting first Name type as: Mr.
2020-10-30 17:10:336 INFO  WaitHelper :27 - Waiting for element to visible ....
2020-10-30 17:10:370 INFO  WaitHelper :30 - Element is visible ....
2020-10-30 17:10:512 INFO  LeadsPage :118 - entering first name as : auto_firstName1
2020-10-30 17:10:629 INFO  LeadsPage :123 - entering lastName as: auto_lastName1
2020-10-30 17:10:708 INFO  LeadsPage :128 - entering company Name as: companyName1
2020-10-30 17:10:777 INFO  LeadsPage :133 - entering title as: auto_company
2020-10-30 17:10:854 INFO  LeadsPage :142 - selecting lead source as: Employee
2020-10-30 17:10:967 INFO  LeadsPage :148 - selecting industry as  : Banking
2020-10-30 17:10:117 INFO  LeadsPage :154 - entering annualrevenue as: 1000
2020-10-30 17:10:233 INFO  LeadsPage :159 - entering noofemployees as : 2
2020-10-30 17:10:298 INFO  LeadsPage :164 - entering secondaryEmail as : info.test@gmail.com
2020-10-30 17:10:389 INFO  LeadsPage :169 - entering street as: 7535 Torrey Santa Fe Road
2020-10-30 17:10:466 INFO  LeadsPage :174 - entering postalCode as: 92129
2020-10-30 17:10:541 INFO  LeadsPage :179 - enter country as : US
2020-10-30 17:10:638 INFO  LeadsPage :184 - enter description as: auto_Description
2020-10-30 17:10:730 INFO  LeadsPage :189 - enter phone number as: 9999999999
2020-10-30 17:10:799 INFO  LeadsPage :194 - enter mobile number as: 9999999999
2020-10-30 17:10:869 INFO  LeadsPage :199 - enter fax as: Fax details
2020-10-30 17:10:948 INFO  LeadsPage :204 - enter email: info.test@gmail.com
2020-10-30 17:10:140 INFO  LeadsPage :209 - selecting leadStatus as: Attempted to Contact
2020-10-30 17:10:354 INFO  LeadsPage :224 - clicking on save button
2020-10-30 17:10:512 INFO  LeadsPageSteps :148 - auto_firstName1
2020-10-30 17:10:512 INFO  LeadsPageSteps :149 - auto_lastName1
2020-10-30 17:10:512 INFO  WaitHelper :27 - Waiting for element to visible ....
2020-10-30 17:10:546 INFO  WaitHelper :30 - Element is visible ....
2020-10-30 17:10:568 INFO  WaitHelper :27 - Waiting for element to visible ....
2020-10-30 17:10:587 INFO  WaitHelper :30 - Element is visible ....
2020-10-30 17:10:633 INFO  WaitHelper :27 - Waiting for element to visible ....
2020-10-30 17:10:684 INFO  WaitHelper :30 - Element is visible ....
2020-10-30 17:10:769 INFO  ServiceHooks :34 - Create Leads is Failed

  @regression @LeadsWithParameters @sanity
  Scenario Outline: Create Leads                      # leadsWithParameter.feature:43
    When I click on leads link                        # HomePageSteps.i_click_on_leads_link()
    And I click on leads plus button                  # LeadsPageSteps.i_click_on_leads_plus_button()
    And I select First Name title as "Mr."            # LeadsPageSteps.i_select_First_Name_title_as(String)
    And I enter First Name "auto_firstName1"          # LeadsPageSteps.i_enter_First_Name(String)
    And I enter last name "auto_lastName1"            # LeadsPageSteps.i_enter_last_name(String)
    And I enter Company name "companyName1"           # LeadsPageSteps.i_enter_Company_name(String)
    And I enter Title "auto_company"                  # LeadsPageSteps.i_enter_Title(String)
    And I select Lead Source "Employee"               # LeadsPageSteps.i_select_Lead_Source(String)
    And I select Industry "Banking"                   # LeadsPageSteps.i_select_Industry(String)
    And I enter Annual Revenue "1000"                 # LeadsPageSteps.i_enter_Annual_Revenue(String)
    And I enter No Of Employees "2"                   # LeadsPageSteps.i_enter_No_Of_Employees(String)
    And I enter Secondary Email "info.test@gmail.com" # LeadsPageSteps.i_enter_Secondary_Email(String)
    And I enter Street "7535 Torrey Santa Fe Road"    # LeadsPageSteps.i_enter_Street(String)
    And I enter Postal Code "92129"                   # LeadsPageSteps.i_enter_Postal_Code(String)
    And I enter Country "US"                          # LeadsPageSteps.i_enter_Country(String)
    And I enter Description "auto_Description"        # LeadsPageSteps.i_enter_Description(String)
    And I enter Phone "9999999999"                    # LeadsPageSteps.i_enter_Phone(String)
    And I enter Mobile "9999999999"                   # LeadsPageSteps.i_enter_Mobile(String)
    And I enter Fax "Fax details"                     # LeadsPageSteps.i_enter_Fax(String)
    And I enter Email "info.test@gmail.com"           # LeadsPageSteps.i_enter_Email(String)
    And I enetr Website "auto_website"                # LeadsPageSteps.i_enetr_Website(String)
    And I select Lead Status "Attempted to Contact"   # LeadsPageSteps.i_select_Lead_Status(String)
    And I select Assigned To "Administrator"          # LeadsPageSteps.i_select_Assigned_To(String)
    And I click on Save button                        # LeadsPageSteps.i_click_on_Save_button()
    Then I should see lead creation success message   # LeadsPageSteps.i_should_see_lead_creation_success_message()
    And I should verify leads information             # LeadsPageSteps.i_should_verify_leads_information()
      org.openqa.selenium.NoSuchElementException: no such element: Unable to locate element: {"method":"xpath","selector":"//*[@id='mouseArea_Last Name1']"}
        (Session info: chrome=86.0.4240.111)
      For documentation on this error, please visit: https://www.seleniumhq.org/exceptions/no_such_element.html
      Build info: version: '3.141.59', revision: 'e82be7d358', time: '2018-11-14T08:17:03'
      System info: host: 'DESKTOP-QTN1F52', ip: '192.168.1.101', os.name: 'Windows 10', os.arch: 'amd64', os.version: '10.0', java.version: '1.8.0_241'
      Driver info: org.openqa.selenium.chrome.ChromeDriver
      Capabilities {acceptInsecureCerts: false, browserName: chrome, browserVersion: 86.0.4240.111, chrome: {chromedriverVersion: 85.0.4183.87 (cd6713ebf92fa..., userDataDir: C:\Users\TANUMA~1\AppData\L...}, goog:chromeOptions: {debuggerAddress: localhost:58970}, javascriptEnabled: true, networkConnectionEnabled: false, pageLoadStrategy: normal, platform: WINDOWS, platformName: WINDOWS, proxy: Proxy(), setWindowRect: true, strictFileInteractability: false, timeouts: {implicit: 0, pageLoad: 300000, script: 30000}, unhandledPromptBehavior: dismiss and notify, webauthn:virtualAuthenticators: true}
      Session ID: 3c4ade45cfc25c967efac04c1476472e
      *** Element info: {Using=xpath, value=//*[@id='mouseArea_Last Name1']}
      	at sun.reflect.NativeConstructorAccessorImpl.newInstance0(Native Method)
      	at sun.reflect.NativeConstructorAccessorImpl.newInstance(NativeConstructorAccessorImpl.java:62)
      	at sun.reflect.DelegatingConstructorAccessorImpl.newInstance(DelegatingConstructorAccessorImpl.java:45)
      	at java.lang.reflect.Constructor.newInstance(Constructor.java:423)
      	at org.openqa.selenium.remote.http.W3CHttpResponseCodec.createException(W3CHttpResponseCodec.java:187)
      	at org.openqa.selenium.remote.http.W3CHttpResponseCodec.decode(W3CHttpResponseCodec.java:122)
      	at org.openqa.selenium.remote.http.W3CHttpResponseCodec.decode(W3CHttpResponseCodec.java:49)
      	at org.openqa.selenium.remote.HttpCommandExecutor.execute(HttpCommandExecutor.java:158)
      	at org.openqa.selenium.remote.service.DriverCommandExecutor.execute(DriverCommandExecutor.java:83)
      	at org.openqa.selenium.remote.RemoteWebDriver.execute(RemoteWebDriver.java:552)
      	at org.openqa.selenium.remote.RemoteWebDriver.findElement(RemoteWebDriver.java:323)
      	at org.openqa.selenium.remote.RemoteWebDriver.findElementByXPath(RemoteWebDriver.java:428)
      	at org.openqa.selenium.By$ByXPath.findElement(By.java:353)
      	at org.openqa.selenium.remote.RemoteWebDriver.findElement(RemoteWebDriver.java:315)
      	at org.openqa.selenium.support.pagefactory.DefaultElementLocator.findElement(DefaultElementLocator.java:69)
      	at org.openqa.selenium.support.pagefactory.internal.LocatingElementHandler.invoke(LocatingElementHandler.java:38)
      	at com.sun.proxy.$Proxy21.getText(Unknown Source)
      	at com.cucumberFramework.stepDefinations.LeadsPageSteps.i_should_verify_leads_information(LeadsPageSteps.java:161)
      	at ?.And I should verify leads information(leadsWithParameter.feature:39)

2020-10-30 17:10:68 INFO  WaitHelper :27 - Waiting for element to visible ....
2020-10-30 17:10:91 INFO  WaitHelper :30 - Element is visible ....
helo
2020-10-30 17:10:844 INFO  WaitHelper :27 - Waiting for element to visible ....
2020-10-30 17:10:893 INFO  WaitHelper :30 - Element is visible ....

  Background: User should be on Home page                               # leadsWithParameter.feature:5
    Given I am on the Login page URL "http://localhost:8888/index.php?" # loginPageSteps.i_am_on_the_login_page_url_something(String)
    When I enter username as "admin"                                    # loginPageSteps.i_enter_username_as_something(String)
    And I enter password as "password"                                  # loginPageSteps.i_enter_password_as_something(String)
    And click on login button                                           # loginPageSteps.click_on_login_button()
    Then I sould see application homepage                               # HomePageSteps.i_sould_see_application_homepage()
2020-10-30 17:10:856 INFO  WaitHelper :27 - Waiting for element to visible ....
2020-10-30 17:10:887 INFO  WaitHelper :30 - Element is visible ....
2020-10-30 17:10:887 INFO  LeadsPage :106 - clicking on create new leads button
2020-10-30 17:10:23 INFO  LeadsPage :110 - selecting first Name type as: Mr.
2020-10-30 17:10:24 INFO  WaitHelper :27 - Waiting for element to visible ....
2020-10-30 17:10:57 INFO  WaitHelper :30 - Element is visible ....
2020-10-30 17:10:210 INFO  LeadsPage :118 - entering first name as : auto_firstName2
2020-10-30 17:10:300 INFO  LeadsPage :123 - entering lastName as: auto_lastName2
2020-10-30 17:10:373 INFO  LeadsPage :128 - entering company Name as: companyName2
2020-10-30 17:10:444 INFO  LeadsPage :133 - entering title as: auto_company
2020-10-30 17:10:512 INFO  LeadsPage :142 - selecting lead source as: Employee
2020-10-30 17:10:694 INFO  LeadsPage :148 - selecting industry as  : Banking
2020-10-30 17:10:856 INFO  LeadsPage :154 - entering annualrevenue as: 2000
2020-10-30 17:10:964 INFO  LeadsPage :159 - entering noofemployees as : 2
2020-10-30 17:10:36 INFO  LeadsPage :164 - entering secondaryEmail as : info.test@gmail.com
2020-10-30 17:10:107 INFO  LeadsPage :169 - entering street as: 7535 Torrey Santa Fe Road
2020-10-30 17:10:183 INFO  LeadsPage :174 - entering postalCode as: 92129
2020-10-30 17:10:248 INFO  LeadsPage :179 - enter country as : US
2020-10-30 17:10:315 INFO  LeadsPage :184 - enter description as: auto_Description
2020-10-30 17:10:388 INFO  LeadsPage :189 - enter phone number as: 9999999999
2020-10-30 17:10:460 INFO  LeadsPage :194 - enter mobile number as: 9999999999
2020-10-30 17:10:528 INFO  LeadsPage :199 - enter fax as: Fax details
2020-10-30 17:10:595 INFO  LeadsPage :204 - enter email: info.test@gmail.com
2020-10-30 17:10:756 INFO  LeadsPage :209 - selecting leadStatus as: Attempted to Contact
2020-10-30 17:10:929 INFO  LeadsPage :224 - clicking on save button
2020-10-30 17:10:928 INFO  LeadsPageSteps :148 - auto_firstName2
2020-10-30 17:10:929 INFO  LeadsPageSteps :149 - auto_lastName2
2020-10-30 17:10:929 INFO  WaitHelper :27 - Waiting for element to visible ....
2020-10-30 17:10:961 INFO  WaitHelper :30 - Element is visible ....
2020-10-30 17:10:981 INFO  WaitHelper :27 - Waiting for element to visible ....
2020-10-30 17:10:44 INFO  WaitHelper :30 - Element is visible ....
2020-10-30 17:10:73 INFO  WaitHelper :27 - Waiting for element to visible ....
2020-10-30 17:10:128 INFO  WaitHelper :30 - Element is visible ....
2020-10-30 17:10:207 INFO  ServiceHooks :34 - Create Leads is Failed

  @regression @LeadsWithParameters @sanity
  Scenario Outline: Create Leads                      # leadsWithParameter.feature:44
    When I click on leads link                        # HomePageSteps.i_click_on_leads_link()
    And I click on leads plus button                  # LeadsPageSteps.i_click_on_leads_plus_button()
    And I select First Name title as "Mr."            # LeadsPageSteps.i_select_First_Name_title_as(String)
    And I enter First Name "auto_firstName2"          # LeadsPageSteps.i_enter_First_Name(String)
    And I enter last name "auto_lastName2"            # LeadsPageSteps.i_enter_last_name(String)
    And I enter Company name "companyName2"           # LeadsPageSteps.i_enter_Company_name(String)
    And I enter Title "auto_company"                  # LeadsPageSteps.i_enter_Title(String)
    And I select Lead Source "Employee"               # LeadsPageSteps.i_select_Lead_Source(String)
    And I select Industry "Banking"                   # LeadsPageSteps.i_select_Industry(String)
    And I enter Annual Revenue "2000"                 # LeadsPageSteps.i_enter_Annual_Revenue(String)
    And I enter No Of Employees "2"                   # LeadsPageSteps.i_enter_No_Of_Employees(String)
    And I enter Secondary Email "info.test@gmail.com" # LeadsPageSteps.i_enter_Secondary_Email(String)
    And I enter Street "7535 Torrey Santa Fe Road"    # LeadsPageSteps.i_enter_Street(String)
    And I enter Postal Code "92129"                   # LeadsPageSteps.i_enter_Postal_Code(String)
    And I enter Country "US"                          # LeadsPageSteps.i_enter_Country(String)
    And I enter Description "auto_Description"        # LeadsPageSteps.i_enter_Description(String)
    And I enter Phone "9999999999"                    # LeadsPageSteps.i_enter_Phone(String)
    And I enter Mobile "9999999999"                   # LeadsPageSteps.i_enter_Mobile(String)
    And I enter Fax "Fax details"                     # LeadsPageSteps.i_enter_Fax(String)
    And I enter Email "info.test@gmail.com"           # LeadsPageSteps.i_enter_Email(String)
    And I enetr Website "auto_website"                # LeadsPageSteps.i_enetr_Website(String)
    And I select Lead Status "Attempted to Contact"   # LeadsPageSteps.i_select_Lead_Status(String)
    And I select Assigned To "Administrator"          # LeadsPageSteps.i_select_Assigned_To(String)
    And I click on Save button                        # LeadsPageSteps.i_click_on_Save_button()
    Then I should see lead creation success message   # LeadsPageSteps.i_should_see_lead_creation_success_message()
    And I should verify leads information             # LeadsPageSteps.i_should_verify_leads_information()
      org.openqa.selenium.NoSuchElementException: no such element: Unable to locate element: {"method":"xpath","selector":"//*[@id='mouseArea_Last Name1']"}
        (Session info: chrome=86.0.4240.111)
      For documentation on this error, please visit: https://www.seleniumhq.org/exceptions/no_such_element.html
      Build info: version: '3.141.59', revision: 'e82be7d358', time: '2018-11-14T08:17:03'
      System info: host: 'DESKTOP-QTN1F52', ip: '192.168.1.101', os.name: 'Windows 10', os.arch: 'amd64', os.version: '10.0', java.version: '1.8.0_241'
      Driver info: org.openqa.selenium.chrome.ChromeDriver
      Capabilities {acceptInsecureCerts: false, browserName: chrome, browserVersion: 86.0.4240.111, chrome: {chromedriverVersion: 85.0.4183.87 (cd6713ebf92fa..., userDataDir: C:\Users\TANUMA~1\AppData\L...}, goog:chromeOptions: {debuggerAddress: localhost:58998}, javascriptEnabled: true, networkConnectionEnabled: false, pageLoadStrategy: normal, platform: WINDOWS, platformName: WINDOWS, proxy: Proxy(), setWindowRect: true, strictFileInteractability: false, timeouts: {implicit: 0, pageLoad: 300000, script: 30000}, unhandledPromptBehavior: dismiss and notify, webauthn:virtualAuthenticators: true}
      Session ID: ec99a04ba97a3c6391b6df957862c8bf
      *** Element info: {Using=xpath, value=//*[@id='mouseArea_Last Name1']}
      	at sun.reflect.NativeConstructorAccessorImpl.newInstance0(Native Method)
      	at sun.reflect.NativeConstructorAccessorImpl.newInstance(NativeConstructorAccessorImpl.java:62)
      	at sun.reflect.DelegatingConstructorAccessorImpl.newInstance(DelegatingConstructorAccessorImpl.java:45)
      	at java.lang.reflect.Constructor.newInstance(Constructor.java:423)
      	at org.openqa.selenium.remote.http.W3CHttpResponseCodec.createException(W3CHttpResponseCodec.java:187)
      	at org.openqa.selenium.remote.http.W3CHttpResponseCodec.decode(W3CHttpResponseCodec.java:122)
      	at org.openqa.selenium.remote.http.W3CHttpResponseCodec.decode(W3CHttpResponseCodec.java:49)
      	at org.openqa.selenium.remote.HttpCommandExecutor.execute(HttpCommandExecutor.java:158)
      	at org.openqa.selenium.remote.service.DriverCommandExecutor.execute(DriverCommandExecutor.java:83)
      	at org.openqa.selenium.remote.RemoteWebDriver.execute(RemoteWebDriver.java:552)
      	at org.openqa.selenium.remote.RemoteWebDriver.findElement(RemoteWebDriver.java:323)
      	at org.openqa.selenium.remote.RemoteWebDriver.findElementByXPath(RemoteWebDriver.java:428)
      	at org.openqa.selenium.By$ByXPath.findElement(By.java:353)
      	at org.openqa.selenium.remote.RemoteWebDriver.findElement(RemoteWebDriver.java:315)
      	at org.openqa.selenium.support.pagefactory.DefaultElementLocator.findElement(DefaultElementLocator.java:69)
      	at org.openqa.selenium.support.pagefactory.internal.LocatingElementHandler.invoke(LocatingElementHandler.java:38)
      	at com.sun.proxy.$Proxy21.getText(Unknown Source)
      	at com.cucumberFramework.stepDefinations.LeadsPageSteps.i_should_verify_leads_information(LeadsPageSteps.java:161)
      	at ?.And I should verify leads information(leadsWithParameter.feature:39)

2020-10-30 17:10:551 INFO  WaitHelper :27 - Waiting for element to visible ....
2020-10-30 17:10:587 INFO  WaitHelper :30 - Element is visible ....
helo
2020-10-30 17:10:392 INFO  WaitHelper :27 - Waiting for element to visible ....
2020-10-30 17:10:422 INFO  WaitHelper :30 - Element is visible ....

  Background: User should be on Home page                               # leadsWithParameter.feature:5
    Given I am on the Login page URL "http://localhost:8888/index.php?" # loginPageSteps.i_am_on_the_login_page_url_something(String)
    When I enter username as "admin"                                    # loginPageSteps.i_enter_username_as_something(String)
    And I enter password as "password"                                  # loginPageSteps.i_enter_password_as_something(String)
    And click on login button                                           # loginPageSteps.click_on_login_button()
    Then I sould see application homepage                               # HomePageSteps.i_sould_see_application_homepage()
2020-10-30 17:10:474 INFO  WaitHelper :27 - Waiting for element to visible ....
2020-10-30 17:10:503 INFO  WaitHelper :30 - Element is visible ....
2020-10-30 17:10:504 INFO  LeadsPage :106 - clicking on create new leads button
2020-10-30 17:10:694 INFO  LeadsPage :110 - selecting first Name type as: Mr.
2020-10-30 17:10:694 INFO  WaitHelper :27 - Waiting for element to visible ....
2020-10-30 17:10:719 INFO  WaitHelper :30 - Element is visible ....
2020-10-30 17:10:853 INFO  LeadsPage :118 - entering first name as : auto_firstName3
2020-10-30 17:10:945 INFO  LeadsPage :123 - entering lastName as: auto_lastName3
2020-10-30 17:10:18 INFO  LeadsPage :128 - entering company Name as: companyName3
2020-10-30 17:10:89 INFO  LeadsPage :133 - entering title as: auto_company
2020-10-30 17:10:158 INFO  LeadsPage :142 - selecting lead source as: Employee
2020-10-30 17:10:256 INFO  LeadsPage :148 - selecting industry as  : Banking
2020-10-30 17:10:384 INFO  LeadsPage :154 - entering annualrevenue as: 3000
2020-10-30 17:10:441 INFO  LeadsPage :159 - entering noofemployees as : 2
2020-10-30 17:10:517 INFO  LeadsPage :164 - entering secondaryEmail as : info.test@gmail.com
2020-10-30 17:10:589 INFO  LeadsPage :169 - entering street as: 7535 Torrey Santa Fe Road
2020-10-30 17:10:659 INFO  LeadsPage :174 - entering postalCode as: 92129
2020-10-30 17:10:723 INFO  LeadsPage :179 - enter country as : US
2020-10-30 17:10:792 INFO  LeadsPage :184 - enter description as: auto_Description
2020-10-30 17:10:861 INFO  LeadsPage :189 - enter phone number as: 9999999999
2020-10-30 17:10:927 INFO  LeadsPage :194 - enter mobile number as: 9999999999
2020-10-30 17:10:991 INFO  LeadsPage :199 - enter fax as: Fax details
2020-10-30 17:10:57 INFO  LeadsPage :204 - enter email: info.test@gmail.com
2020-10-30 17:10:192 INFO  LeadsPage :209 - selecting leadStatus as: Attempted to Contact
2020-10-30 17:10:310 INFO  LeadsPage :224 - clicking on save button
2020-10-30 17:10:57 INFO  LeadsPageSteps :148 - auto_firstName3
2020-10-30 17:10:57 INFO  LeadsPageSteps :149 - auto_lastName3
2020-10-30 17:10:58 INFO  WaitHelper :27 - Waiting for element to visible ....
2020-10-30 17:10:93 INFO  WaitHelper :30 - Element is visible ....
2020-10-30 17:10:113 INFO  WaitHelper :27 - Waiting for element to visible ....
2020-10-30 17:10:126 INFO  WaitHelper :30 - Element is visible ....
2020-10-30 17:10:157 INFO  WaitHelper :27 - Waiting for element to visible ....
2020-10-30 17:10:210 INFO  WaitHelper :30 - Element is visible ....
2020-10-30 17:10:288 INFO  ServiceHooks :34 - Create Leads is Failed

  @regression @LeadsWithParameters @sanity
  Scenario Outline: Create Leads                      # leadsWithParameter.feature:45
    When I click on leads link                        # HomePageSteps.i_click_on_leads_link()
    And I click on leads plus button                  # LeadsPageSteps.i_click_on_leads_plus_button()
    And I select First Name title as "Mr."            # LeadsPageSteps.i_select_First_Name_title_as(String)
    And I enter First Name "auto_firstName3"          # LeadsPageSteps.i_enter_First_Name(String)
    And I enter last name "auto_lastName3"            # LeadsPageSteps.i_enter_last_name(String)
    And I enter Company name "companyName3"           # LeadsPageSteps.i_enter_Company_name(String)
    And I enter Title "auto_company"                  # LeadsPageSteps.i_enter_Title(String)
    And I select Lead Source "Employee"               # LeadsPageSteps.i_select_Lead_Source(String)
    And I select Industry "Banking"                   # LeadsPageSteps.i_select_Industry(String)
    And I enter Annual Revenue "3000"                 # LeadsPageSteps.i_enter_Annual_Revenue(String)
    And I enter No Of Employees "2"                   # LeadsPageSteps.i_enter_No_Of_Employees(String)
    And I enter Secondary Email "info.test@gmail.com" # LeadsPageSteps.i_enter_Secondary_Email(String)
    And I enter Street "7535 Torrey Santa Fe Road"    # LeadsPageSteps.i_enter_Street(String)
    And I enter Postal Code "92129"                   # LeadsPageSteps.i_enter_Postal_Code(String)
    And I enter Country "US"                          # LeadsPageSteps.i_enter_Country(String)
    And I enter Description "auto_Description"        # LeadsPageSteps.i_enter_Description(String)
    And I enter Phone "9999999999"                    # LeadsPageSteps.i_enter_Phone(String)
    And I enter Mobile "9999999999"                   # LeadsPageSteps.i_enter_Mobile(String)
    And I enter Fax "Fax details"                     # LeadsPageSteps.i_enter_Fax(String)
    And I enter Email "info.test@gmail.com"           # LeadsPageSteps.i_enter_Email(String)
    And I enetr Website "auto_website"                # LeadsPageSteps.i_enetr_Website(String)
    And I select Lead Status "Attempted to Contact"   # LeadsPageSteps.i_select_Lead_Status(String)
    And I select Assigned To "Administrator"          # LeadsPageSteps.i_select_Assigned_To(String)
    And I click on Save button                        # LeadsPageSteps.i_click_on_Save_button()
    Then I should see lead creation success message   # LeadsPageSteps.i_should_see_lead_creation_success_message()
    And I should verify leads information             # LeadsPageSteps.i_should_verify_leads_information()
      org.openqa.selenium.NoSuchElementException: no such element: Unable to locate element: {"method":"xpath","selector":"//*[@id='mouseArea_Last Name1']"}
        (Session info: chrome=86.0.4240.111)
      For documentation on this error, please visit: https://www.seleniumhq.org/exceptions/no_such_element.html
      Build info: version: '3.141.59', revision: 'e82be7d358', time: '2018-11-14T08:17:03'
      System info: host: 'DESKTOP-QTN1F52', ip: '192.168.1.101', os.name: 'Windows 10', os.arch: 'amd64', os.version: '10.0', java.version: '1.8.0_241'
      Driver info: org.openqa.selenium.chrome.ChromeDriver
      Capabilities {acceptInsecureCerts: false, browserName: chrome, browserVersion: 86.0.4240.111, chrome: {chromedriverVersion: 85.0.4183.87 (cd6713ebf92fa..., userDataDir: C:\Users\TANUMA~1\AppData\L...}, goog:chromeOptions: {debuggerAddress: localhost:59025}, javascriptEnabled: true, networkConnectionEnabled: false, pageLoadStrategy: normal, platform: WINDOWS, platformName: WINDOWS, proxy: Proxy(), setWindowRect: true, strictFileInteractability: false, timeouts: {implicit: 0, pageLoad: 300000, script: 30000}, unhandledPromptBehavior: dismiss and notify, webauthn:virtualAuthenticators: true}
      Session ID: 7b1130b46f8816e0bfac25768d063bc9
      *** Element info: {Using=xpath, value=//*[@id='mouseArea_Last Name1']}
      	at sun.reflect.NativeConstructorAccessorImpl.newInstance0(Native Method)
      	at sun.reflect.NativeConstructorAccessorImpl.newInstance(NativeConstructorAccessorImpl.java:62)
      	at sun.reflect.DelegatingConstructorAccessorImpl.newInstance(DelegatingConstructorAccessorImpl.java:45)
      	at java.lang.reflect.Constructor.newInstance(Constructor.java:423)
      	at org.openqa.selenium.remote.http.W3CHttpResponseCodec.createException(W3CHttpResponseCodec.java:187)
      	at org.openqa.selenium.remote.http.W3CHttpResponseCodec.decode(W3CHttpResponseCodec.java:122)
      	at org.openqa.selenium.remote.http.W3CHttpResponseCodec.decode(W3CHttpResponseCodec.java:49)
      	at org.openqa.selenium.remote.HttpCommandExecutor.execute(HttpCommandExecutor.java:158)
      	at org.openqa.selenium.remote.service.DriverCommandExecutor.execute(DriverCommandExecutor.java:83)
      	at org.openqa.selenium.remote.RemoteWebDriver.execute(RemoteWebDriver.java:552)
      	at org.openqa.selenium.remote.RemoteWebDriver.findElement(RemoteWebDriver.java:323)
      	at org.openqa.selenium.remote.RemoteWebDriver.findElementByXPath(RemoteWebDriver.java:428)
      	at org.openqa.selenium.By$ByXPath.findElement(By.java:353)
      	at org.openqa.selenium.remote.RemoteWebDriver.findElement(RemoteWebDriver.java:315)
      	at org.openqa.selenium.support.pagefactory.DefaultElementLocator.findElement(DefaultElementLocator.java:69)
      	at org.openqa.selenium.support.pagefactory.internal.LocatingElementHandler.invoke(LocatingElementHandler.java:38)
      	at com.sun.proxy.$Proxy21.getText(Unknown Source)
      	at com.cucumberFramework.stepDefinations.LeadsPageSteps.i_should_verify_leads_information(LeadsPageSteps.java:161)
      	at ?.And I should verify leads information(leadsWithParameter.feature:39)

2020-10-30 17:10:539 INFO  WaitHelper :27 - Waiting for element to visible ....
2020-10-30 17:10:566 INFO  WaitHelper :30 - Element is visible ....
helo
2020-10-30 17:10:342 INFO  WaitHelper :27 - Waiting for element to visible ....
2020-10-30 17:10:380 INFO  WaitHelper :30 - Element is visible ....

  Background: User should be on Home page                               # leadsWithParameter.feature:5
    Given I am on the Login page URL "http://localhost:8888/index.php?" # loginPageSteps.i_am_on_the_login_page_url_something(String)
    When I enter username as "admin"                                    # loginPageSteps.i_enter_username_as_something(String)
    And I enter password as "password"                                  # loginPageSteps.i_enter_password_as_something(String)
    And click on login button                                           # loginPageSteps.click_on_login_button()
    Then I sould see application homepage                               # HomePageSteps.i_sould_see_application_homepage()
2020-10-30 17:10:230 INFO  WaitHelper :27 - Waiting for element to visible ....
2020-10-30 17:10:263 INFO  WaitHelper :30 - Element is visible ....
2020-10-30 17:10:263 INFO  LeadsPage :106 - clicking on create new leads button
2020-10-30 17:10:415 INFO  LeadsPage :110 - selecting first Name type as: Mr.
2020-10-30 17:10:416 INFO  WaitHelper :27 - Waiting for element to visible ....
2020-10-30 17:10:447 INFO  WaitHelper :30 - Element is visible ....
2020-10-30 17:10:542 INFO  LeadsPage :118 - entering first name as : auto_firstName3
2020-10-30 17:10:618 INFO  LeadsPage :123 - entering lastName as: auto_lastName3
2020-10-30 17:10:697 INFO  LeadsPage :128 - entering company Name as: companyName3
2020-10-30 17:10:768 INFO  LeadsPage :133 - entering title as: auto_company
2020-10-30 17:10:875 INFO  LeadsPage :142 - selecting lead source as: Employee
2020-10-30 17:10:14 INFO  LeadsPage :148 - selecting industry as  : Banking
2020-10-30 17:10:126 INFO  LeadsPage :154 - entering annualrevenue as: 3000
2020-10-30 17:10:195 INFO  LeadsPage :159 - entering noofemployees as : 2
2020-10-30 17:10:258 INFO  LeadsPage :164 - entering secondaryEmail as : info.test@gmail.com
2020-10-30 17:10:340 INFO  LeadsPage :169 - entering street as: 7535 Torrey Santa Fe Road
2020-10-30 17:10:420 INFO  LeadsPage :174 - entering postalCode as: 92129
2020-10-30 17:10:486 INFO  LeadsPage :179 - enter country as : US
2020-10-30 17:10:546 INFO  LeadsPage :184 - enter description as: auto_Description
2020-10-30 17:10:609 INFO  LeadsPage :189 - enter phone number as: 9999999999
2020-10-30 17:10:671 INFO  LeadsPage :194 - enter mobile number as: 9999999999
2020-10-30 17:10:740 INFO  LeadsPage :199 - enter fax as: Fax details
2020-10-30 17:10:812 INFO  LeadsPage :204 - enter email: info.test@gmail.com
2020-10-30 17:10:956 INFO  LeadsPage :209 - selecting leadStatus as: Attempted to Contact
2020-10-30 17:10:120 INFO  LeadsPage :224 - clicking on save button
2020-10-30 17:10:950 INFO  LeadsPageSteps :148 - auto_firstName3
2020-10-30 17:10:950 INFO  LeadsPageSteps :149 - auto_lastName3
2020-10-30 17:10:951 INFO  WaitHelper :27 - Waiting for element to visible ....
2020-10-30 17:10:982 INFO  WaitHelper :30 - Element is visible ....
2020-10-30 17:10:05 INFO  WaitHelper :27 - Waiting for element to visible ....
2020-10-30 17:10:30 INFO  WaitHelper :30 - Element is visible ....
2020-10-30 17:10:58 INFO  WaitHelper :27 - Waiting for element to visible ....
2020-10-30 17:10:88 INFO  WaitHelper :30 - Element is visible ....
2020-10-30 17:10:168 INFO  ServiceHooks :34 - Create Leads is Failed

  @regression @LeadsWithParameters @sanity
  Scenario Outline: Create Leads                      # leadsWithParameter.feature:46
    When I click on leads link                        # HomePageSteps.i_click_on_leads_link()
    And I click on leads plus button                  # LeadsPageSteps.i_click_on_leads_plus_button()
    And I select First Name title as "Mr."            # LeadsPageSteps.i_select_First_Name_title_as(String)
    And I enter First Name "auto_firstName3"          # LeadsPageSteps.i_enter_First_Name(String)
    And I enter last name "auto_lastName3"            # LeadsPageSteps.i_enter_last_name(String)
    And I enter Company name "companyName3"           # LeadsPageSteps.i_enter_Company_name(String)
    And I enter Title "auto_company"                  # LeadsPageSteps.i_enter_Title(String)
    And I select Lead Source "Employee"               # LeadsPageSteps.i_select_Lead_Source(String)
    And I select Industry "Banking"                   # LeadsPageSteps.i_select_Industry(String)
    And I enter Annual Revenue "3000"                 # LeadsPageSteps.i_enter_Annual_Revenue(String)
    And I enter No Of Employees "2"                   # LeadsPageSteps.i_enter_No_Of_Employees(String)
    And I enter Secondary Email "info.test@gmail.com" # LeadsPageSteps.i_enter_Secondary_Email(String)
    And I enter Street "7535 Torrey Santa Fe Road"    # LeadsPageSteps.i_enter_Street(String)
    And I enter Postal Code "92129"                   # LeadsPageSteps.i_enter_Postal_Code(String)
    And I enter Country "US"                          # LeadsPageSteps.i_enter_Country(String)
    And I enter Description "auto_Description"        # LeadsPageSteps.i_enter_Description(String)
    And I enter Phone "9999999999"                    # LeadsPageSteps.i_enter_Phone(String)
    And I enter Mobile "9999999999"                   # LeadsPageSteps.i_enter_Mobile(String)
    And I enter Fax "Fax details"                     # LeadsPageSteps.i_enter_Fax(String)
    And I enter Email "info.test@gmail.com"           # LeadsPageSteps.i_enter_Email(String)
    And I enetr Website "auto_website"                # LeadsPageSteps.i_enetr_Website(String)
    And I select Lead Status "Attempted to Contact"   # LeadsPageSteps.i_select_Lead_Status(String)
    And I select Assigned To "Administrator"          # LeadsPageSteps.i_select_Assigned_To(String)
    And I click on Save button                        # LeadsPageSteps.i_click_on_Save_button()
    Then I should see lead creation success message   # LeadsPageSteps.i_should_see_lead_creation_success_message()
    And I should verify leads information             # LeadsPageSteps.i_should_verify_leads_information()
      org.openqa.selenium.NoSuchElementException: no such element: Unable to locate element: {"method":"xpath","selector":"//*[@id='mouseArea_Last Name1']"}
        (Session info: chrome=86.0.4240.111)
      For documentation on this error, please visit: https://www.seleniumhq.org/exceptions/no_such_element.html
      Build info: version: '3.141.59', revision: 'e82be7d358', time: '2018-11-14T08:17:03'
      System info: host: 'DESKTOP-QTN1F52', ip: '192.168.1.101', os.name: 'Windows 10', os.arch: 'amd64', os.version: '10.0', java.version: '1.8.0_241'
      Driver info: org.openqa.selenium.chrome.ChromeDriver
      Capabilities {acceptInsecureCerts: false, browserName: chrome, browserVersion: 86.0.4240.111, chrome: {chromedriverVersion: 85.0.4183.87 (cd6713ebf92fa..., userDataDir: C:\Users\TANUMA~1\AppData\L...}, goog:chromeOptions: {debuggerAddress: localhost:59052}, javascriptEnabled: true, networkConnectionEnabled: false, pageLoadStrategy: normal, platform: WINDOWS, platformName: WINDOWS, proxy: Proxy(), setWindowRect: true, strictFileInteractability: false, timeouts: {implicit: 0, pageLoad: 300000, script: 30000}, unhandledPromptBehavior: dismiss and notify, webauthn:virtualAuthenticators: true}
      Session ID: 8becd7c5592289846dcf217cfe21f1c9
      *** Element info: {Using=xpath, value=//*[@id='mouseArea_Last Name1']}
      	at sun.reflect.NativeConstructorAccessorImpl.newInstance0(Native Method)
      	at sun.reflect.NativeConstructorAccessorImpl.newInstance(NativeConstructorAccessorImpl.java:62)
      	at sun.reflect.DelegatingConstructorAccessorImpl.newInstance(DelegatingConstructorAccessorImpl.java:45)
      	at java.lang.reflect.Constructor.newInstance(Constructor.java:423)
      	at org.openqa.selenium.remote.http.W3CHttpResponseCodec.createException(W3CHttpResponseCodec.java:187)
      	at org.openqa.selenium.remote.http.W3CHttpResponseCodec.decode(W3CHttpResponseCodec.java:122)
      	at org.openqa.selenium.remote.http.W3CHttpResponseCodec.decode(W3CHttpResponseCodec.java:49)
      	at org.openqa.selenium.remote.HttpCommandExecutor.execute(HttpCommandExecutor.java:158)
      	at org.openqa.selenium.remote.service.DriverCommandExecutor.execute(DriverCommandExecutor.java:83)
      	at org.openqa.selenium.remote.RemoteWebDriver.execute(RemoteWebDriver.java:552)
      	at org.openqa.selenium.remote.RemoteWebDriver.findElement(RemoteWebDriver.java:323)
      	at org.openqa.selenium.remote.RemoteWebDriver.findElementByXPath(RemoteWebDriver.java:428)
      	at org.openqa.selenium.By$ByXPath.findElement(By.java:353)
      	at org.openqa.selenium.remote.RemoteWebDriver.findElement(RemoteWebDriver.java:315)
      	at org.openqa.selenium.support.pagefactory.DefaultElementLocator.findElement(DefaultElementLocator.java:69)
      	at org.openqa.selenium.support.pagefactory.internal.LocatingElementHandler.invoke(LocatingElementHandler.java:38)
      	at com.sun.proxy.$Proxy21.getText(Unknown Source)
      	at com.cucumberFramework.stepDefinations.LeadsPageSteps.i_should_verify_leads_information(LeadsPageSteps.java:161)
      	at ?.And I should verify leads information(leadsWithParameter.feature:39)

2020-10-30 17:10:425 INFO  WaitHelper :27 - Waiting for element to visible ....
2020-10-30 17:10:459 INFO  WaitHelper :30 - Element is visible ....
helo
2020-10-30 17:10:102 INFO  WaitHelper :27 - Waiting for element to visible ....
2020-10-30 17:10:129 INFO  WaitHelper :30 - Element is visible ....

  Background: User should be on Home page                               # leadsWithParameter.feature:5
    Given I am on the Login page URL "http://localhost:8888/index.php?" # loginPageSteps.i_am_on_the_login_page_url_something(String)
    When I enter username as "admin"                                    # loginPageSteps.i_enter_username_as_something(String)
    And I enter password as "password"                                  # loginPageSteps.i_enter_password_as_something(String)
    And click on login button                                           # loginPageSteps.click_on_login_button()
    Then I sould see application homepage                               # HomePageSteps.i_sould_see_application_homepage()
2020-10-30 17:10:204 INFO  WaitHelper :27 - Waiting for element to visible ....
2020-10-30 17:10:234 INFO  WaitHelper :30 - Element is visible ....
2020-10-30 17:10:234 INFO  LeadsPage :106 - clicking on create new leads button
2020-10-30 17:10:437 INFO  LeadsPage :110 - selecting first Name type as: Mr.
2020-10-30 17:10:437 INFO  WaitHelper :27 - Waiting for element to visible ....
2020-10-30 17:10:466 INFO  WaitHelper :30 - Element is visible ....
2020-10-30 17:10:577 INFO  LeadsPage :118 - entering first name as : auto_firstName3
2020-10-30 17:10:699 INFO  LeadsPage :123 - entering lastName as: auto_lastName3
2020-10-30 17:10:777 INFO  LeadsPage :128 - entering company Name as: companyName3
2020-10-30 17:10:851 INFO  LeadsPage :133 - entering title as: auto_company
2020-10-30 17:10:920 INFO  LeadsPage :142 - selecting lead source as: Employee
2020-10-30 17:10:45 INFO  LeadsPage :148 - selecting industry as  : Banking
2020-10-30 17:10:132 INFO  LeadsPage :154 - entering annualrevenue as: 200
2020-10-30 17:10:225 INFO  LeadsPage :159 - entering noofemployees as : 2
2020-10-30 17:10:305 INFO  LeadsPage :164 - entering secondaryEmail as : info.test@gmail.com
2020-10-30 17:10:409 INFO  LeadsPage :169 - entering street as: 7535 Torrey Santa Fe Road
2020-10-30 17:10:486 INFO  LeadsPage :174 - entering postalCode as: 92129
2020-10-30 17:10:546 INFO  LeadsPage :179 - enter country as : US
2020-10-30 17:10:618 INFO  LeadsPage :184 - enter description as: auto_Description
2020-10-30 17:10:708 INFO  LeadsPage :189 - enter phone number as: 9999999999
2020-10-30 17:10:774 INFO  LeadsPage :194 - enter mobile number as: 9999999999
2020-10-30 17:10:854 INFO  LeadsPage :199 - enter fax as: Fax details
2020-10-30 17:10:918 INFO  LeadsPage :204 - enter email: info.test@gmail.com
2020-10-30 17:10:71 INFO  LeadsPage :209 - selecting leadStatus as: Attempted to Contact
2020-10-30 17:10:265 INFO  LeadsPage :224 - clicking on save button
2020-10-30 17:10:186 INFO  LeadsPageSteps :148 - auto_firstName3
2020-10-30 17:10:187 INFO  LeadsPageSteps :149 - auto_lastName3
2020-10-30 17:10:187 INFO  WaitHelper :27 - Waiting for element to visible ....
2020-10-30 17:10:215 INFO  WaitHelper :30 - Element is visible ....
2020-10-30 17:10:235 INFO  WaitHelper :27 - Waiting for element to visible ....
2020-10-30 17:10:259 INFO  WaitHelper :30 - Element is visible ....
2020-10-30 17:10:275 INFO  WaitHelper :27 - Waiting for element to visible ....
2020-10-30 17:10:301 INFO  WaitHelper :30 - Element is visible ....
2020-10-30 17:10:379 INFO  ServiceHooks :34 - Create Leads is Failed

  @regression @LeadsWithParameters @sanity
  Scenario Outline: Create Leads                      # leadsWithParameter.feature:47
    When I click on leads link                        # HomePageSteps.i_click_on_leads_link()
    And I click on leads plus button                  # LeadsPageSteps.i_click_on_leads_plus_button()
    And I select First Name title as "Mr."            # LeadsPageSteps.i_select_First_Name_title_as(String)
    And I enter First Name "auto_firstName3"          # LeadsPageSteps.i_enter_First_Name(String)
    And I enter last name "auto_lastName3"            # LeadsPageSteps.i_enter_last_name(String)
    And I enter Company name "companyName3"           # LeadsPageSteps.i_enter_Company_name(String)
    And I enter Title "auto_company"                  # LeadsPageSteps.i_enter_Title(String)
    And I select Lead Source "Employee"               # LeadsPageSteps.i_select_Lead_Source(String)
    And I select Industry "Banking"                   # LeadsPageSteps.i_select_Industry(String)
    And I enter Annual Revenue "200"                  # LeadsPageSteps.i_enter_Annual_Revenue(String)
    And I enter No Of Employees "2"                   # LeadsPageSteps.i_enter_No_Of_Employees(String)
    And I enter Secondary Email "info.test@gmail.com" # LeadsPageSteps.i_enter_Secondary_Email(String)
    And I enter Street "7535 Torrey Santa Fe Road"    # LeadsPageSteps.i_enter_Street(String)
    And I enter Postal Code "92129"                   # LeadsPageSteps.i_enter_Postal_Code(String)
    And I enter Country "US"                          # LeadsPageSteps.i_enter_Country(String)
    And I enter Description "auto_Description"        # LeadsPageSteps.i_enter_Description(String)
    And I enter Phone "9999999999"                    # LeadsPageSteps.i_enter_Phone(String)
    And I enter Mobile "9999999999"                   # LeadsPageSteps.i_enter_Mobile(String)
    And I enter Fax "Fax details"                     # LeadsPageSteps.i_enter_Fax(String)
    And I enter Email "info.test@gmail.com"           # LeadsPageSteps.i_enter_Email(String)
    And I enetr Website "auto_website"                # LeadsPageSteps.i_enetr_Website(String)
    And I select Lead Status "Attempted to Contact"   # LeadsPageSteps.i_select_Lead_Status(String)
    And I select Assigned To "Administrator"          # LeadsPageSteps.i_select_Assigned_To(String)
    And I click on Save button                        # LeadsPageSteps.i_click_on_Save_button()
    Then I should see lead creation success message   # LeadsPageSteps.i_should_see_lead_creation_success_message()
    And I should verify leads information             # LeadsPageSteps.i_should_verify_leads_information()
      org.openqa.selenium.NoSuchElementException: no such element: Unable to locate element: {"method":"xpath","selector":"//*[@id='mouseArea_Last Name1']"}
        (Session info: chrome=86.0.4240.111)
      For documentation on this error, please visit: https://www.seleniumhq.org/exceptions/no_such_element.html
      Build info: version: '3.141.59', revision: 'e82be7d358', time: '2018-11-14T08:17:03'
      System info: host: 'DESKTOP-QTN1F52', ip: '192.168.1.101', os.name: 'Windows 10', os.arch: 'amd64', os.version: '10.0', java.version: '1.8.0_241'
      Driver info: org.openqa.selenium.chrome.ChromeDriver
      Capabilities {acceptInsecureCerts: false, browserName: chrome, browserVersion: 86.0.4240.111, chrome: {chromedriverVersion: 85.0.4183.87 (cd6713ebf92fa..., userDataDir: C:\Users\TANUMA~1\AppData\L...}, goog:chromeOptions: {debuggerAddress: localhost:59099}, javascriptEnabled: true, networkConnectionEnabled: false, pageLoadStrategy: normal, platform: WINDOWS, platformName: WINDOWS, proxy: Proxy(), setWindowRect: true, strictFileInteractability: false, timeouts: {implicit: 0, pageLoad: 300000, script: 30000}, unhandledPromptBehavior: dismiss and notify, webauthn:virtualAuthenticators: true}
      Session ID: 6a9fa793b4d77d56085655b928df28b7
      *** Element info: {Using=xpath, value=//*[@id='mouseArea_Last Name1']}
      	at sun.reflect.NativeConstructorAccessorImpl.newInstance0(Native Method)
      	at sun.reflect.NativeConstructorAccessorImpl.newInstance(NativeConstructorAccessorImpl.java:62)
      	at sun.reflect.DelegatingConstructorAccessorImpl.newInstance(DelegatingConstructorAccessorImpl.java:45)
      	at java.lang.reflect.Constructor.newInstance(Constructor.java:423)
      	at org.openqa.selenium.remote.http.W3CHttpResponseCodec.createException(W3CHttpResponseCodec.java:187)
      	at org.openqa.selenium.remote.http.W3CHttpResponseCodec.decode(W3CHttpResponseCodec.java:122)
      	at org.openqa.selenium.remote.http.W3CHttpResponseCodec.decode(W3CHttpResponseCodec.java:49)
      	at org.openqa.selenium.remote.HttpCommandExecutor.execute(HttpCommandExecutor.java:158)
      	at org.openqa.selenium.remote.service.DriverCommandExecutor.execute(DriverCommandExecutor.java:83)
      	at org.openqa.selenium.remote.RemoteWebDriver.execute(RemoteWebDriver.java:552)
      	at org.openqa.selenium.remote.RemoteWebDriver.findElement(RemoteWebDriver.java:323)
      	at org.openqa.selenium.remote.RemoteWebDriver.findElementByXPath(RemoteWebDriver.java:428)
      	at org.openqa.selenium.By$ByXPath.findElement(By.java:353)
      	at org.openqa.selenium.remote.RemoteWebDriver.findElement(RemoteWebDriver.java:315)
      	at org.openqa.selenium.support.pagefactory.DefaultElementLocator.findElement(DefaultElementLocator.java:69)
      	at org.openqa.selenium.support.pagefactory.internal.LocatingElementHandler.invoke(LocatingElementHandler.java:38)
      	at com.sun.proxy.$Proxy21.getText(Unknown Source)
      	at com.cucumberFramework.stepDefinations.LeadsPageSteps.i_should_verify_leads_information(LeadsPageSteps.java:161)
      	at ?.And I should verify leads information(leadsWithParameter.feature:39)

]]></system-out>
    <system-err><![CDATA[Starting ChromeDriver 85.0.4183.87 (cd6713ebf92fa1cacc0f1a598df280093af0c5d7-refs/branch-heads/4183@{#1689}) on port 43606
Only local connections are allowed.
Please see https://chromedriver.chromium.org/security-considerations for suggestions on keeping ChromeDriver safe.
ChromeDriver was started successfully.
[1604058955.195][WARNING]: This version of ChromeDriver has not been tested with Chrome version 86.
Oct 30, 2020 5:25:57 PM org.openqa.selenium.remote.ProtocolHandshake createSession
INFO: Detected dialect: W3C
Starting ChromeDriver 85.0.4183.87 (cd6713ebf92fa1cacc0f1a598df280093af0c5d7-refs/branch-heads/4183@{#1689}) on port 48503
Only local connections are allowed.
Please see https://chromedriver.chromium.org/security-considerations for suggestions on keeping ChromeDriver safe.
ChromeDriver was started successfully.
[1604058973.107][WARNING]: This version of ChromeDriver has not been tested with Chrome version 86.
Oct 30, 2020 5:26:15 PM org.openqa.selenium.remote.ProtocolHandshake createSession
INFO: Detected dialect: W3C
Starting ChromeDriver 85.0.4183.87 (cd6713ebf92fa1cacc0f1a598df280093af0c5d7-refs/branch-heads/4183@{#1689}) on port 23110
Only local connections are allowed.
Please see https://chromedriver.chromium.org/security-considerations for suggestions on keeping ChromeDriver safe.
ChromeDriver was started successfully.
[1604058990.518][WARNING]: This version of ChromeDriver has not been tested with Chrome version 86.
Oct 30, 2020 5:26:32 PM org.openqa.selenium.remote.ProtocolHandshake createSession
INFO: Detected dialect: W3C
Starting ChromeDriver 85.0.4183.87 (cd6713ebf92fa1cacc0f1a598df280093af0c5d7-refs/branch-heads/4183@{#1689}) on port 16963
Only local connections are allowed.
Please see https://chromedriver.chromium.org/security-considerations for suggestions on keeping ChromeDriver safe.
ChromeDriver was started successfully.
[1604059007.564][WARNING]: This version of ChromeDriver has not been tested with Chrome version 86.
Oct 30, 2020 5:26:49 PM org.openqa.selenium.remote.ProtocolHandshake createSession
INFO: Detected dialect: W3C
Starting ChromeDriver 85.0.4183.87 (cd6713ebf92fa1cacc0f1a598df280093af0c5d7-refs/branch-heads/4183@{#1689}) on port 12411
Only local connections are allowed.
Please see https://chromedriver.chromium.org/security-considerations for suggestions on keeping ChromeDriver safe.
ChromeDriver was started successfully.
[1604059024.496][WARNING]: This version of ChromeDriver has not been tested with Chrome version 86.
Oct 30, 2020 5:27:06 PM org.openqa.selenium.remote.ProtocolHandshake createSession
INFO: Detected dialect: W3C
]]></system-err>
  </testcase>
  <testcase name="feature" classname="com.cucumberFramework.testrunner.testRunner" time="36.529"/>
</testsuite>